<?xml version="1.0" encoding="UTF-8"?>
<testsuites>
  <testsuite name="Test suite" timestamp="2023-02-18T14:59:36" time="80.552" tests="17" failures="12" errors="12" skipped="0">
    <properties>
      <property name="specId" value="0"/>
      <property name="suiteName" value="Test suite"/>
      <property name="capabilities" value="firefox.110_0.windows"/>
      <property name="file" value="file:///C:/JSProject/js_automated_testing_intro/src/tests/specs/test.spec.js"/>
    </properties>
    <testcase classname="firefox.110_0.windows.Test_suite" name="Check title name" time="4.205">
      <system-out><![CDATA[
COMMAND: POST /session/42a5cb91-844e-40cc-898d-8ba5c947a0fe/url - {"url":"https://ej2.syncfusion.com/showcase/angular/appointmentplanner/#/dashboard"}
RESULT: {"url":"https://ej2.syncfusion.com/showcase/angular/appointmentplanner/#/dashboard"}
COMMAND: GET /session/42a5cb91-844e-40cc-898d-8ba5c947a0fe/title - {}
RESULT: {}
COMMAND: GET /session/42a5cb91-844e-40cc-898d-8ba5c947a0fe/screenshot - {}
RESULT: {}
]]></system-out>
    </testcase>
    <testcase classname="firefox.110_0.windows.Test_suite" name="Check that email is mandatory field" time="2.746">
      <failure/>
      <error message="Element &lt;input id=&quot;textbox_0&quot; class=&quot;e-control e-textbox e-lib&quot; name=&quot;Name&quot; type=&quot;text&quot;> is not reachable by keyboard"/>
      <system-out><![CDATA[
COMMAND: POST /session/42a5cb91-844e-40cc-898d-8ba5c947a0fe/url - {"url":"https://ej2.syncfusion.com/showcase/angular/appointmentplanner/#/dashboard"}
RESULT: {"url":"https://ej2.syncfusion.com/showcase/angular/appointmentplanner/#/dashboard"}
COMMAND: POST /session/42a5cb91-844e-40cc-898d-8ba5c947a0fe/element - {"using":"css selector","value":"div.doctors"}
RESULT: {"using":"css selector","value":"div.doctors"}
COMMAND: GET /session/42a5cb91-844e-40cc-898d-8ba5c947a0fe/element/cd64d3b2-15cd-4a96-81a8-a2cdb2b718cc/displayed - {}
RESULT: {}
COMMAND: POST /session/42a5cb91-844e-40cc-898d-8ba5c947a0fe/element/cd64d3b2-15cd-4a96-81a8-a2cdb2b718cc/click - {}
RESULT: {}
RESULT: undefined
COMMAND: POST /session/42a5cb91-844e-40cc-898d-8ba5c947a0fe/element - {"using":"xpath","value":"//button[text()='Add New Doctor']"}
RESULT: {"using":"xpath","value":"//button[text()='Add New Doctor']"}
COMMAND: GET /session/42a5cb91-844e-40cc-898d-8ba5c947a0fe/element/663b29b3-84e4-4a3f-9146-51757d576a4a/displayed - {}
RESULT: {}
COMMAND: POST /session/42a5cb91-844e-40cc-898d-8ba5c947a0fe/element/663b29b3-84e4-4a3f-9146-51757d576a4a/click - {}
RESULT: {}
RESULT: undefined
COMMAND: POST /session/42a5cb91-844e-40cc-898d-8ba5c947a0fe/element - {"using":"css selector","value":"input[name='Name']"}
RESULT: {"using":"css selector","value":"input[name='Name']"}
COMMAND: POST /session/42a5cb91-844e-40cc-898d-8ba5c947a0fe/elements - {"using":"css selector","value":"input[name='Name']"}
RESULT: {"using":"css selector","value":"input[name='Name']"}
COMMAND: POST /session/42a5cb91-844e-40cc-898d-8ba5c947a0fe/elements - {"using":"css selector","value":"input[name='Name']"}
RESULT: {"using":"css selector","value":"input[name='Name']"}
COMMAND: POST /session/42a5cb91-844e-40cc-898d-8ba5c947a0fe/elements - {"using":"css selector","value":"input[name='Name']"}
RESULT: {"using":"css selector","value":"input[name='Name']"}
COMMAND: POST /session/42a5cb91-844e-40cc-898d-8ba5c947a0fe/element - {"using":"css selector","value":"input[name='Name']"}
RESULT: {"using":"css selector","value":"input[name='Name']"}
COMMAND: POST /session/42a5cb91-844e-40cc-898d-8ba5c947a0fe/element/40f7076c-f6a8-46c5-94ca-2ae4f63f34fd/value - {"text":"John Doe"}
COMMAND: GET /session/42a5cb91-844e-40cc-898d-8ba5c947a0fe/screenshot - {}
RESULT: {}
]]></system-out>
      <system-err><![CDATA[
element not interactable: Element <input id="textbox_0" class="e-control e-textbox e-lib" name="Name" type="text"> is not reachable by keyboard
    at processTicksAndRejections (node:internal/process/task_queues:96:5)
]]></system-err>
    </testcase>
    <testcase classname="firefox.110_0.windows.Test_suite" name="Check that name is mandatory field" time="2.398">
      <system-out><![CDATA[
COMMAND: POST /session/42a5cb91-844e-40cc-898d-8ba5c947a0fe/url - {"url":"https://ej2.syncfusion.com/showcase/angular/appointmentplanner/#/dashboard"}
RESULT: {"url":"https://ej2.syncfusion.com/showcase/angular/appointmentplanner/#/dashboard"}
COMMAND: POST /session/42a5cb91-844e-40cc-898d-8ba5c947a0fe/element - {"using":"css selector","value":"div.doctors"}
RESULT: {"using":"css selector","value":"div.doctors"}
COMMAND: GET /session/42a5cb91-844e-40cc-898d-8ba5c947a0fe/element/cd64d3b2-15cd-4a96-81a8-a2cdb2b718cc/displayed - {}
RESULT: {}
COMMAND: POST /session/42a5cb91-844e-40cc-898d-8ba5c947a0fe/element/cd64d3b2-15cd-4a96-81a8-a2cdb2b718cc/click - {}
RESULT: {}
RESULT: undefined
COMMAND: POST /session/42a5cb91-844e-40cc-898d-8ba5c947a0fe/element - {"using":"xpath","value":"//button[text()='Add New Doctor']"}
RESULT: {"using":"xpath","value":"//button[text()='Add New Doctor']"}
COMMAND: GET /session/42a5cb91-844e-40cc-898d-8ba5c947a0fe/element/663b29b3-84e4-4a3f-9146-51757d576a4a/displayed - {}
RESULT: {}
COMMAND: POST /session/42a5cb91-844e-40cc-898d-8ba5c947a0fe/element/663b29b3-84e4-4a3f-9146-51757d576a4a/click - {}
RESULT: {}
RESULT: undefined
COMMAND: POST /session/42a5cb91-844e-40cc-898d-8ba5c947a0fe/element - {"using":"css selector","value":"input[name='Email']"}
RESULT: {"using":"css selector","value":"input[name='Email']"}
COMMAND: POST /session/42a5cb91-844e-40cc-898d-8ba5c947a0fe/element/80ceccf1-46a9-4b76-ba38-117d9d24c98b/value - {"text":"johndoe@gmail.com"}
RESULT: {"text":"johndoe@gmail.com"}
COMMAND: POST /session/42a5cb91-844e-40cc-898d-8ba5c947a0fe/element - {"using":"xpath","value":"//button[text()='Save']"}
RESULT: {"using":"xpath","value":"//button[text()='Save']"}
COMMAND: GET /session/42a5cb91-844e-40cc-898d-8ba5c947a0fe/element/fcfe901f-6e47-4aa6-9b06-97e98cf88d03/displayed - {}
RESULT: {}
COMMAND: POST /session/42a5cb91-844e-40cc-898d-8ba5c947a0fe/element/fcfe901f-6e47-4aa6-9b06-97e98cf88d03/click - {}
RESULT: {}
RESULT: undefined
COMMAND: POST /session/42a5cb91-844e-40cc-898d-8ba5c947a0fe/element - {"using":"css selector","value":"label#Name-info"}
RESULT: {"using":"css selector","value":"label#Name-info"}
COMMAND: GET /session/42a5cb91-844e-40cc-898d-8ba5c947a0fe/element/b2b5109b-546a-4036-80f5-ccb225e994e3/text - {}
RESULT: {}
COMMAND: GET /session/42a5cb91-844e-40cc-898d-8ba5c947a0fe/screenshot - {}
RESULT: {}
]]></system-out>
    </testcase>
    <testcase classname="firefox.110_0.windows.Test_suite" name="Check that mobile number is mandatory field" time="0.134">
      <failure/>
      <error message="Element &lt;div class=&quot;sidebar-item patients&quot;> is not clickable at point (121,420) because another element &lt;div class=&quot;e-dlg-overlay&quot;> obscures it"/>
      <system-out><![CDATA[
COMMAND: POST /session/42a5cb91-844e-40cc-898d-8ba5c947a0fe/url - {"url":"https://ej2.syncfusion.com/showcase/angular/appointmentplanner/#/dashboard"}
RESULT: {"url":"https://ej2.syncfusion.com/showcase/angular/appointmentplanner/#/dashboard"}
COMMAND: POST /session/42a5cb91-844e-40cc-898d-8ba5c947a0fe/element - {"using":"css selector","value":"div.patients"}
RESULT: {"using":"css selector","value":"div.patients"}
COMMAND: GET /session/42a5cb91-844e-40cc-898d-8ba5c947a0fe/element/25b6cb8a-fec7-46e0-93eb-80d308389e9c/displayed - {}
RESULT: {}
COMMAND: POST /session/42a5cb91-844e-40cc-898d-8ba5c947a0fe/element/25b6cb8a-fec7-46e0-93eb-80d308389e9c/click - {}
COMMAND: GET /session/42a5cb91-844e-40cc-898d-8ba5c947a0fe/screenshot - {}
RESULT: {}
]]></system-out>
      <system-err><![CDATA[
element click intercepted: Element <div class="sidebar-item patients"> is not clickable at point (121,420) because another element <div class="e-dlg-overlay"> obscures it
    at processTicksAndRejections (node:internal/process/task_queues:96:5)
]]></system-err>
    </testcase>
    <testcase classname="firefox.110_0.windows.Test_suite" name="Add new patient" time="0.133">
      <failure/>
      <error message="Element &lt;div class=&quot;sidebar-item patients&quot;> is not clickable at point (121,420) because another element &lt;div class=&quot;e-dlg-overlay&quot;> obscures it"/>
      <system-out><![CDATA[
COMMAND: POST /session/42a5cb91-844e-40cc-898d-8ba5c947a0fe/url - {"url":"https://ej2.syncfusion.com/showcase/angular/appointmentplanner/#/dashboard"}
RESULT: {"url":"https://ej2.syncfusion.com/showcase/angular/appointmentplanner/#/dashboard"}
COMMAND: POST /session/42a5cb91-844e-40cc-898d-8ba5c947a0fe/element - {"using":"css selector","value":"div.patients"}
RESULT: {"using":"css selector","value":"div.patients"}
COMMAND: GET /session/42a5cb91-844e-40cc-898d-8ba5c947a0fe/element/25b6cb8a-fec7-46e0-93eb-80d308389e9c/displayed - {}
RESULT: {}
COMMAND: POST /session/42a5cb91-844e-40cc-898d-8ba5c947a0fe/element/25b6cb8a-fec7-46e0-93eb-80d308389e9c/click - {}
COMMAND: GET /session/42a5cb91-844e-40cc-898d-8ba5c947a0fe/screenshot - {}
RESULT: {}
]]></system-out>
      <system-err><![CDATA[
element click intercepted: Element <div class="sidebar-item patients"> is not clickable at point (121,420) because another element <div class="e-dlg-overlay"> obscures it
    at processTicksAndRejections (node:internal/process/task_queues:96:5)
]]></system-err>
    </testcase>
    <testcase classname="firefox.110_0.windows.Test_suite" name="Edit Doctor Details" time="0.132">
      <failure/>
      <error message="Element &lt;div class=&quot;sidebar-item doctors&quot;> is not clickable at point (121,370) because another element &lt;div class=&quot;e-dlg-overlay&quot;> obscures it"/>
      <system-out><![CDATA[
COMMAND: POST /session/42a5cb91-844e-40cc-898d-8ba5c947a0fe/url - {"url":"https://ej2.syncfusion.com/showcase/angular/appointmentplanner/#/dashboard"}
RESULT: {"url":"https://ej2.syncfusion.com/showcase/angular/appointmentplanner/#/dashboard"}
COMMAND: POST /session/42a5cb91-844e-40cc-898d-8ba5c947a0fe/element - {"using":"css selector","value":"div.doctors"}
RESULT: {"using":"css selector","value":"div.doctors"}
COMMAND: GET /session/42a5cb91-844e-40cc-898d-8ba5c947a0fe/element/cd64d3b2-15cd-4a96-81a8-a2cdb2b718cc/displayed - {}
RESULT: {}
COMMAND: POST /session/42a5cb91-844e-40cc-898d-8ba5c947a0fe/element/cd64d3b2-15cd-4a96-81a8-a2cdb2b718cc/click - {}
COMMAND: GET /session/42a5cb91-844e-40cc-898d-8ba5c947a0fe/screenshot - {}
RESULT: {}
]]></system-out>
      <system-err><![CDATA[
element click intercepted: Element <div class="sidebar-item doctors"> is not clickable at point (121,370) because another element <div class="e-dlg-overlay"> obscures it
    at processTicksAndRejections (node:internal/process/task_queues:96:5)
]]></system-err>
    </testcase>
    <testcase classname="firefox.110_0.windows.Test_suite" name="Delete a patient" time="0.128">
      <failure/>
      <error message="Element &lt;div class=&quot;sidebar-item patients&quot;> is not clickable at point (121,420) because another element &lt;div class=&quot;e-dlg-overlay&quot;> obscures it"/>
      <system-out><![CDATA[
COMMAND: POST /session/42a5cb91-844e-40cc-898d-8ba5c947a0fe/url - {"url":"https://ej2.syncfusion.com/showcase/angular/appointmentplanner/#/dashboard"}
RESULT: {"url":"https://ej2.syncfusion.com/showcase/angular/appointmentplanner/#/dashboard"}
COMMAND: POST /session/42a5cb91-844e-40cc-898d-8ba5c947a0fe/element - {"using":"css selector","value":"div.patients"}
RESULT: {"using":"css selector","value":"div.patients"}
COMMAND: GET /session/42a5cb91-844e-40cc-898d-8ba5c947a0fe/element/25b6cb8a-fec7-46e0-93eb-80d308389e9c/displayed - {}
RESULT: {}
COMMAND: POST /session/42a5cb91-844e-40cc-898d-8ba5c947a0fe/element/25b6cb8a-fec7-46e0-93eb-80d308389e9c/click - {}
COMMAND: GET /session/42a5cb91-844e-40cc-898d-8ba5c947a0fe/screenshot - {}
RESULT: {}
]]></system-out>
      <system-err><![CDATA[
element click intercepted: Element <div class="sidebar-item patients"> is not clickable at point (121,420) because another element <div class="e-dlg-overlay"> obscures it
    at processTicksAndRejections (node:internal/process/task_queues:96:5)
]]></system-err>
    </testcase>
    <testcase classname="firefox.110_0.windows.Test_suite" name="Cancel Appointment" time="0.152">
      <failure/>
      <error message="Element &lt;span class=&quot;text&quot;> is not clickable at point (122,320) because another element &lt;div class=&quot;e-dlg-overlay&quot;> obscures it"/>
      <system-out><![CDATA[
COMMAND: POST /session/42a5cb91-844e-40cc-898d-8ba5c947a0fe/url - {"url":"https://ej2.syncfusion.com/showcase/angular/appointmentplanner/#/dashboard"}
RESULT: {"url":"https://ej2.syncfusion.com/showcase/angular/appointmentplanner/#/dashboard"}
COMMAND: POST /session/42a5cb91-844e-40cc-898d-8ba5c947a0fe/element - {"using":"xpath","value":"//span[text()='Schedule']"}
RESULT: {"using":"xpath","value":"//span[text()='Schedule']"}
COMMAND: GET /session/42a5cb91-844e-40cc-898d-8ba5c947a0fe/element/171f0c36-f952-417b-8936-10a5f7e8a286/displayed - {}
RESULT: {}
COMMAND: POST /session/42a5cb91-844e-40cc-898d-8ba5c947a0fe/element/171f0c36-f952-417b-8936-10a5f7e8a286/click - {}
COMMAND: GET /session/42a5cb91-844e-40cc-898d-8ba5c947a0fe/screenshot - {}
RESULT: {}
]]></system-out>
      <system-err><![CDATA[
element click intercepted: Element <span class="text"> is not clickable at point (122,320) because another element <div class="e-dlg-overlay"> obscures it
    at processTicksAndRejections (node:internal/process/task_queues:96:5)
]]></system-err>
    </testcase>
    <testcase classname="firefox.110_0.windows.Test_suite" name="Change calendar view" time="0.131">
      <failure/>
      <error message="Element &lt;span class=&quot;text&quot;> is not clickable at point (122,320) because another element &lt;div class=&quot;e-dlg-overlay&quot;> obscures it"/>
      <system-out><![CDATA[
COMMAND: POST /session/42a5cb91-844e-40cc-898d-8ba5c947a0fe/url - {"url":"https://ej2.syncfusion.com/showcase/angular/appointmentplanner/#/dashboard"}
RESULT: {"url":"https://ej2.syncfusion.com/showcase/angular/appointmentplanner/#/dashboard"}
COMMAND: POST /session/42a5cb91-844e-40cc-898d-8ba5c947a0fe/element - {"using":"xpath","value":"//span[text()='Schedule']"}
RESULT: {"using":"xpath","value":"//span[text()='Schedule']"}
COMMAND: GET /session/42a5cb91-844e-40cc-898d-8ba5c947a0fe/element/171f0c36-f952-417b-8936-10a5f7e8a286/displayed - {}
RESULT: {}
COMMAND: POST /session/42a5cb91-844e-40cc-898d-8ba5c947a0fe/element/171f0c36-f952-417b-8936-10a5f7e8a286/click - {}
COMMAND: GET /session/42a5cb91-844e-40cc-898d-8ba5c947a0fe/screenshot - {}
RESULT: {}
]]></system-out>
      <system-err><![CDATA[
element click intercepted: Element <span class="text"> is not clickable at point (122,320) because another element <div class="e-dlg-overlay"> obscures it
    at processTicksAndRejections (node:internal/process/task_queues:96:5)
]]></system-err>
    </testcase>
    <testcase classname="firefox.110_0.windows.Test_suite" name="Search for patient" time="0.142">
      <failure/>
      <error message="Element &lt;div class=&quot;sidebar-item patients&quot;> is not clickable at point (121,420) because another element &lt;div class=&quot;e-dlg-overlay&quot;> obscures it"/>
      <system-out><![CDATA[
COMMAND: POST /session/42a5cb91-844e-40cc-898d-8ba5c947a0fe/url - {"url":"https://ej2.syncfusion.com/showcase/angular/appointmentplanner/#/dashboard"}
RESULT: {"url":"https://ej2.syncfusion.com/showcase/angular/appointmentplanner/#/dashboard"}
COMMAND: POST /session/42a5cb91-844e-40cc-898d-8ba5c947a0fe/element - {"using":"css selector","value":"div.patients"}
RESULT: {"using":"css selector","value":"div.patients"}
COMMAND: GET /session/42a5cb91-844e-40cc-898d-8ba5c947a0fe/element/25b6cb8a-fec7-46e0-93eb-80d308389e9c/displayed - {}
RESULT: {}
COMMAND: POST /session/42a5cb91-844e-40cc-898d-8ba5c947a0fe/element/25b6cb8a-fec7-46e0-93eb-80d308389e9c/click - {}
COMMAND: GET /session/42a5cb91-844e-40cc-898d-8ba5c947a0fe/screenshot - {}
RESULT: {}
]]></system-out>
      <system-err><![CDATA[
element click intercepted: Element <div class="sidebar-item patients"> is not clickable at point (121,420) because another element <div class="e-dlg-overlay"> obscures it
    at processTicksAndRejections (node:internal/process/task_queues:96:5)
]]></system-err>
    </testcase>
    <testcase classname="firefox.110_0.windows.Test_suite" name="execute scenario" time="0.11">
      <failure/>
      <error message="The element with selector &quot;//td[text()='Adams']&quot; you are trying to pass into the execute method wasn't found"/>
      <system-out><![CDATA[
COMMAND: POST /session/42a5cb91-844e-40cc-898d-8ba5c947a0fe/url - {"url":"https://ej2.syncfusion.com/showcase/angular/appointmentplanner/#/dashboard"}
RESULT: {"url":"https://ej2.syncfusion.com/showcase/angular/appointmentplanner/#/dashboard"}
COMMAND: POST /session/42a5cb91-844e-40cc-898d-8ba5c947a0fe/element - {"using":"xpath","value":"//td[text()='Adams']"}
RESULT: {"using":"xpath","value":"//td[text()='Adams']"}
COMMAND: GET /session/42a5cb91-844e-40cc-898d-8ba5c947a0fe/screenshot - {}
RESULT: {}
]]></system-out>
      <system-err><![CDATA[
Error: The element with selector "//td[text()='Adams']" you are trying to pass into the execute method wasn't found
    at Array.map (<anonymous>)
    at runMicrotasks (<anonymous>)
    at processTicksAndRejections (node:internal/process/task_queues:96:5)
    at async Context.<anonymous> (C:\JSProject\js_automated_testing_intro\src\tests\specs\test.spec.js:107:7)
]]></system-err>
    </testcase>
    <testcase classname="firefox.110_0.windows.Test_suite" name="waitUntil scenario" time="5.089">
      <failure/>
      <error message="element (&quot;a[href='#/doctor-details/1']&quot;) still not displayed after 5000ms"/>
      <system-out><![CDATA[
COMMAND: POST /session/42a5cb91-844e-40cc-898d-8ba5c947a0fe/url - {"url":"https://ej2.syncfusion.com/showcase/angular/appointmentplanner/#/dashboard"}
RESULT: {"url":"https://ej2.syncfusion.com/showcase/angular/appointmentplanner/#/dashboard"}
COMMAND: POST /session/42a5cb91-844e-40cc-898d-8ba5c947a0fe/element - {"using":"css selector","value":"a[href='#/doctor-details/1']"}
RESULT: {"using":"css selector","value":"a[href='#/doctor-details/1']"}
COMMAND: POST /session/42a5cb91-844e-40cc-898d-8ba5c947a0fe/element - {"using":"css selector","value":"a[href='#/doctor-details/1']"}
RESULT: {"using":"css selector","value":"a[href='#/doctor-details/1']"}
COMMAND: POST /session/42a5cb91-844e-40cc-898d-8ba5c947a0fe/element - {"using":"css selector","value":"a[href='#/doctor-details/1']"}
RESULT: {"using":"css selector","value":"a[href='#/doctor-details/1']"}
COMMAND: POST /session/42a5cb91-844e-40cc-898d-8ba5c947a0fe/element - {"using":"css selector","value":"a[href='#/doctor-details/1']"}
RESULT: {"using":"css selector","value":"a[href='#/doctor-details/1']"}
COMMAND: POST /session/42a5cb91-844e-40cc-898d-8ba5c947a0fe/element - {"using":"css selector","value":"a[href='#/doctor-details/1']"}
RESULT: {"using":"css selector","value":"a[href='#/doctor-details/1']"}
COMMAND: POST /session/42a5cb91-844e-40cc-898d-8ba5c947a0fe/element - {"using":"css selector","value":"a[href='#/doctor-details/1']"}
RESULT: {"using":"css selector","value":"a[href='#/doctor-details/1']"}
COMMAND: POST /session/42a5cb91-844e-40cc-898d-8ba5c947a0fe/element - {"using":"css selector","value":"a[href='#/doctor-details/1']"}
RESULT: {"using":"css selector","value":"a[href='#/doctor-details/1']"}
COMMAND: POST /session/42a5cb91-844e-40cc-898d-8ba5c947a0fe/element - {"using":"css selector","value":"a[href='#/doctor-details/1']"}
RESULT: {"using":"css selector","value":"a[href='#/doctor-details/1']"}
COMMAND: POST /session/42a5cb91-844e-40cc-898d-8ba5c947a0fe/element - {"using":"css selector","value":"a[href='#/doctor-details/1']"}
RESULT: {"using":"css selector","value":"a[href='#/doctor-details/1']"}
COMMAND: POST /session/42a5cb91-844e-40cc-898d-8ba5c947a0fe/element - {"using":"css selector","value":"a[href='#/doctor-details/1']"}
RESULT: {"using":"css selector","value":"a[href='#/doctor-details/1']"}
COMMAND: POST /session/42a5cb91-844e-40cc-898d-8ba5c947a0fe/element - {"using":"css selector","value":"a[href='#/doctor-details/1']"}
RESULT: {"using":"css selector","value":"a[href='#/doctor-details/1']"}
COMMAND: GET /session/42a5cb91-844e-40cc-898d-8ba5c947a0fe/screenshot - {}
RESULT: {}
]]></system-out>
      <system-err><![CDATA[
Error: element ("a[href='#/doctor-details/1']") still not displayed after 5000ms
    at async Browser.<anonymous> (C:\JSProject\js_automated_testing_intro\src\config\wdio.conf.js:223:13)
]]></system-err>
    </testcase>
    <testcase classname="firefox.110_0.windows.Test_suite" name="browser actions drag and drop" time="10.815">
      <failure/>
      <error message="Can't call dragAndDrop on element with selector &quot;//div[@data-id='Appointment_1013']&quot; because element wasn't found"/>
      <system-out><![CDATA[
COMMAND: POST /session/42a5cb91-844e-40cc-898d-8ba5c947a0fe/url - {"url":"https://ej2.syncfusion.com/showcase/angular/appointmentplanner/#/dashboard"}
RESULT: {"url":"https://ej2.syncfusion.com/showcase/angular/appointmentplanner/#/dashboard"}
COMMAND: POST /session/42a5cb91-844e-40cc-898d-8ba5c947a0fe/element - {"using":"xpath","value":"//span[text()='Schedule']"}
RESULT: {"using":"xpath","value":"//span[text()='Schedule']"}
COMMAND: GET /session/42a5cb91-844e-40cc-898d-8ba5c947a0fe/element/171f0c36-f952-417b-8936-10a5f7e8a286/displayed - {}
RESULT: {}
COMMAND: POST /session/42a5cb91-844e-40cc-898d-8ba5c947a0fe/element/171f0c36-f952-417b-8936-10a5f7e8a286/click - {}
RESULT: {}
RESULT: undefined
COMMAND: POST /session/42a5cb91-844e-40cc-898d-8ba5c947a0fe/element - {"using":"xpath","value":"//div[@data-id='Appointment_1013']"}
RESULT: {"using":"xpath","value":"//div[@data-id='Appointment_1013']"}
COMMAND: POST /session/42a5cb91-844e-40cc-898d-8ba5c947a0fe/element - {"using":"xpath","value":"//td[@data-date='1596355200000']"}
RESULT: {"using":"xpath","value":"//td[@data-date='1596355200000']"}
COMMAND: POST /session/42a5cb91-844e-40cc-898d-8ba5c947a0fe/elements - {"using":"xpath","value":"//div[@data-id='Appointment_1013']"}
RESULT: {"using":"xpath","value":"//div[@data-id='Appointment_1013']"}
COMMAND: POST /session/42a5cb91-844e-40cc-898d-8ba5c947a0fe/elements - {"using":"xpath","value":"//div[@data-id='Appointment_1013']"}
RESULT: {"using":"xpath","value":"//div[@data-id='Appointment_1013']"}
COMMAND: POST /session/42a5cb91-844e-40cc-898d-8ba5c947a0fe/elements - {"using":"xpath","value":"//div[@data-id='Appointment_1013']"}
RESULT: {"using":"xpath","value":"//div[@data-id='Appointment_1013']"}
COMMAND: POST /session/42a5cb91-844e-40cc-898d-8ba5c947a0fe/elements - {"using":"xpath","value":"//div[@data-id='Appointment_1013']"}
RESULT: {"using":"xpath","value":"//div[@data-id='Appointment_1013']"}
COMMAND: POST /session/42a5cb91-844e-40cc-898d-8ba5c947a0fe/elements - {"using":"xpath","value":"//div[@data-id='Appointment_1013']"}
RESULT: {"using":"xpath","value":"//div[@data-id='Appointment_1013']"}
COMMAND: POST /session/42a5cb91-844e-40cc-898d-8ba5c947a0fe/elements - {"using":"xpath","value":"//div[@data-id='Appointment_1013']"}
RESULT: {"using":"xpath","value":"//div[@data-id='Appointment_1013']"}
COMMAND: POST /session/42a5cb91-844e-40cc-898d-8ba5c947a0fe/elements - {"using":"xpath","value":"//div[@data-id='Appointment_1013']"}
RESULT: {"using":"xpath","value":"//div[@data-id='Appointment_1013']"}
COMMAND: POST /session/42a5cb91-844e-40cc-898d-8ba5c947a0fe/elements - {"using":"xpath","value":"//div[@data-id='Appointment_1013']"}
RESULT: {"using":"xpath","value":"//div[@data-id='Appointment_1013']"}
COMMAND: POST /session/42a5cb91-844e-40cc-898d-8ba5c947a0fe/elements - {"using":"xpath","value":"//div[@data-id='Appointment_1013']"}
RESULT: {"using":"xpath","value":"//div[@data-id='Appointment_1013']"}
COMMAND: POST /session/42a5cb91-844e-40cc-898d-8ba5c947a0fe/elements - {"using":"xpath","value":"//div[@data-id='Appointment_1013']"}
RESULT: {"using":"xpath","value":"//div[@data-id='Appointment_1013']"}
COMMAND: POST /session/42a5cb91-844e-40cc-898d-8ba5c947a0fe/elements - {"using":"xpath","value":"//div[@data-id='Appointment_1013']"}
RESULT: {"using":"xpath","value":"//div[@data-id='Appointment_1013']"}
COMMAND: POST /session/42a5cb91-844e-40cc-898d-8ba5c947a0fe/elements - {"using":"xpath","value":"//div[@data-id='Appointment_1013']"}
RESULT: {"using":"xpath","value":"//div[@data-id='Appointment_1013']"}
COMMAND: POST /session/42a5cb91-844e-40cc-898d-8ba5c947a0fe/elements - {"using":"xpath","value":"//div[@data-id='Appointment_1013']"}
RESULT: {"using":"xpath","value":"//div[@data-id='Appointment_1013']"}
COMMAND: POST /session/42a5cb91-844e-40cc-898d-8ba5c947a0fe/elements - {"using":"xpath","value":"//div[@data-id='Appointment_1013']"}
RESULT: {"using":"xpath","value":"//div[@data-id='Appointment_1013']"}
COMMAND: POST /session/42a5cb91-844e-40cc-898d-8ba5c947a0fe/elements - {"using":"xpath","value":"//div[@data-id='Appointment_1013']"}
RESULT: {"using":"xpath","value":"//div[@data-id='Appointment_1013']"}
COMMAND: POST /session/42a5cb91-844e-40cc-898d-8ba5c947a0fe/elements - {"using":"xpath","value":"//div[@data-id='Appointment_1013']"}
RESULT: {"using":"xpath","value":"//div[@data-id='Appointment_1013']"}
COMMAND: POST /session/42a5cb91-844e-40cc-898d-8ba5c947a0fe/elements - {"using":"xpath","value":"//div[@data-id='Appointment_1013']"}
RESULT: {"using":"xpath","value":"//div[@data-id='Appointment_1013']"}
COMMAND: POST /session/42a5cb91-844e-40cc-898d-8ba5c947a0fe/elements - {"using":"xpath","value":"//div[@data-id='Appointment_1013']"}
RESULT: {"using":"xpath","value":"//div[@data-id='Appointment_1013']"}
COMMAND: POST /session/42a5cb91-844e-40cc-898d-8ba5c947a0fe/elements - {"using":"xpath","value":"//div[@data-id='Appointment_1013']"}
RESULT: {"using":"xpath","value":"//div[@data-id='Appointment_1013']"}
COMMAND: POST /session/42a5cb91-844e-40cc-898d-8ba5c947a0fe/elements - {"using":"xpath","value":"//div[@data-id='Appointment_1013']"}
RESULT: {"using":"xpath","value":"//div[@data-id='Appointment_1013']"}
COMMAND: POST /session/42a5cb91-844e-40cc-898d-8ba5c947a0fe/elements - {"using":"xpath","value":"//div[@data-id='Appointment_1013']"}
COMMAND: GET /session/42a5cb91-844e-40cc-898d-8ba5c947a0fe/screenshot - {}
RESULT: {"using":"xpath","value":"//div[@data-id='Appointment_1013']"}
RESULT: {}
]]></system-out>
      <system-err><![CDATA[
Error: Can't call dragAndDrop on element with selector "//div[@data-id='Appointment_1013']" because element wasn't found
    at async Context.<anonymous> (C:\JSProject\js_automated_testing_intro\src\tests\specs\test.spec.js:124:7)
]]></system-err>
    </testcase>
    <testcase classname="firefox.110_0.windows.Test_suite" name="browser actions moveTo" time="10.835">
      <failure/>
      <error message="Can't call moveTo on element with selector &quot;div.e-content tbody tr:first-child&quot; because element wasn't found"/>
      <system-out><![CDATA[
COMMAND: POST /session/42a5cb91-844e-40cc-898d-8ba5c947a0fe/url - {"url":"https://ej2.syncfusion.com/showcase/angular/appointmentplanner/#/dashboard"}
RESULT: {"url":"https://ej2.syncfusion.com/showcase/angular/appointmentplanner/#/dashboard"}
COMMAND: POST /session/42a5cb91-844e-40cc-898d-8ba5c947a0fe/element - {"using":"css selector","value":"div.patients"}
RESULT: {"using":"css selector","value":"div.patients"}
COMMAND: GET /session/42a5cb91-844e-40cc-898d-8ba5c947a0fe/element/25b6cb8a-fec7-46e0-93eb-80d308389e9c/displayed - {}
RESULT: {}
COMMAND: POST /session/42a5cb91-844e-40cc-898d-8ba5c947a0fe/element/25b6cb8a-fec7-46e0-93eb-80d308389e9c/click - {}
RESULT: {}
RESULT: undefined
COMMAND: POST /session/42a5cb91-844e-40cc-898d-8ba5c947a0fe/element - {"using":"css selector","value":"div.e-content tbody tr:first-child"}
RESULT: {"using":"css selector","value":"div.e-content tbody tr:first-child"}
COMMAND: POST /session/42a5cb91-844e-40cc-898d-8ba5c947a0fe/elements - {"using":"css selector","value":"div.e-content tbody tr:first-child"}
RESULT: {"using":"css selector","value":"div.e-content tbody tr:first-child"}
COMMAND: POST /session/42a5cb91-844e-40cc-898d-8ba5c947a0fe/elements - {"using":"css selector","value":"div.e-content tbody tr:first-child"}
RESULT: {"using":"css selector","value":"div.e-content tbody tr:first-child"}
COMMAND: POST /session/42a5cb91-844e-40cc-898d-8ba5c947a0fe/elements - {"using":"css selector","value":"div.e-content tbody tr:first-child"}
RESULT: {"using":"css selector","value":"div.e-content tbody tr:first-child"}
COMMAND: POST /session/42a5cb91-844e-40cc-898d-8ba5c947a0fe/elements - {"using":"css selector","value":"div.e-content tbody tr:first-child"}
RESULT: {"using":"css selector","value":"div.e-content tbody tr:first-child"}
COMMAND: POST /session/42a5cb91-844e-40cc-898d-8ba5c947a0fe/elements - {"using":"css selector","value":"div.e-content tbody tr:first-child"}
RESULT: {"using":"css selector","value":"div.e-content tbody tr:first-child"}
COMMAND: POST /session/42a5cb91-844e-40cc-898d-8ba5c947a0fe/elements - {"using":"css selector","value":"div.e-content tbody tr:first-child"}
RESULT: {"using":"css selector","value":"div.e-content tbody tr:first-child"}
COMMAND: POST /session/42a5cb91-844e-40cc-898d-8ba5c947a0fe/elements - {"using":"css selector","value":"div.e-content tbody tr:first-child"}
RESULT: {"using":"css selector","value":"div.e-content tbody tr:first-child"}
COMMAND: POST /session/42a5cb91-844e-40cc-898d-8ba5c947a0fe/elements - {"using":"css selector","value":"div.e-content tbody tr:first-child"}
RESULT: {"using":"css selector","value":"div.e-content tbody tr:first-child"}
COMMAND: POST /session/42a5cb91-844e-40cc-898d-8ba5c947a0fe/elements - {"using":"css selector","value":"div.e-content tbody tr:first-child"}
RESULT: {"using":"css selector","value":"div.e-content tbody tr:first-child"}
COMMAND: POST /session/42a5cb91-844e-40cc-898d-8ba5c947a0fe/elements - {"using":"css selector","value":"div.e-content tbody tr:first-child"}
RESULT: {"using":"css selector","value":"div.e-content tbody tr:first-child"}
COMMAND: POST /session/42a5cb91-844e-40cc-898d-8ba5c947a0fe/elements - {"using":"css selector","value":"div.e-content tbody tr:first-child"}
RESULT: {"using":"css selector","value":"div.e-content tbody tr:first-child"}
COMMAND: POST /session/42a5cb91-844e-40cc-898d-8ba5c947a0fe/elements - {"using":"css selector","value":"div.e-content tbody tr:first-child"}
RESULT: {"using":"css selector","value":"div.e-content tbody tr:first-child"}
COMMAND: POST /session/42a5cb91-844e-40cc-898d-8ba5c947a0fe/elements - {"using":"css selector","value":"div.e-content tbody tr:first-child"}
RESULT: {"using":"css selector","value":"div.e-content tbody tr:first-child"}
COMMAND: POST /session/42a5cb91-844e-40cc-898d-8ba5c947a0fe/elements - {"using":"css selector","value":"div.e-content tbody tr:first-child"}
RESULT: {"using":"css selector","value":"div.e-content tbody tr:first-child"}
COMMAND: POST /session/42a5cb91-844e-40cc-898d-8ba5c947a0fe/elements - {"using":"css selector","value":"div.e-content tbody tr:first-child"}
RESULT: {"using":"css selector","value":"div.e-content tbody tr:first-child"}
COMMAND: POST /session/42a5cb91-844e-40cc-898d-8ba5c947a0fe/elements - {"using":"css selector","value":"div.e-content tbody tr:first-child"}
RESULT: {"using":"css selector","value":"div.e-content tbody tr:first-child"}
COMMAND: POST /session/42a5cb91-844e-40cc-898d-8ba5c947a0fe/elements - {"using":"css selector","value":"div.e-content tbody tr:first-child"}
RESULT: {"using":"css selector","value":"div.e-content tbody tr:first-child"}
COMMAND: POST /session/42a5cb91-844e-40cc-898d-8ba5c947a0fe/elements - {"using":"css selector","value":"div.e-content tbody tr:first-child"}
RESULT: {"using":"css selector","value":"div.e-content tbody tr:first-child"}
COMMAND: POST /session/42a5cb91-844e-40cc-898d-8ba5c947a0fe/elements - {"using":"css selector","value":"div.e-content tbody tr:first-child"}
RESULT: {"using":"css selector","value":"div.e-content tbody tr:first-child"}
COMMAND: POST /session/42a5cb91-844e-40cc-898d-8ba5c947a0fe/elements - {"using":"css selector","value":"div.e-content tbody tr:first-child"}
RESULT: {"using":"css selector","value":"div.e-content tbody tr:first-child"}
COMMAND: POST /session/42a5cb91-844e-40cc-898d-8ba5c947a0fe/elements - {"using":"css selector","value":"div.e-content tbody tr:first-child"}
COMMAND: GET /session/42a5cb91-844e-40cc-898d-8ba5c947a0fe/screenshot - {}
RESULT: {"using":"css selector","value":"div.e-content tbody tr:first-child"}
RESULT: {}
]]></system-out>
      <system-err><![CDATA[
Error: Can't call moveTo on element with selector "div.e-content tbody tr:first-child" because element wasn't found
    at async Context.<anonymous> (C:\JSProject\js_automated_testing_intro\src\tests\specs\test.spec.js:130:7)
]]></system-err>
    </testcase>
    <testcase classname="firefox.110_0.windows.Test_suite" name="cookies" time="23.154">
      <system-out><![CDATA[
COMMAND: POST /session/42a5cb91-844e-40cc-898d-8ba5c947a0fe/url - {"url":"https://ej2.syncfusion.com/showcase/angular/appointmentplanner/#/dashboard"}
RESULT: {"url":"https://ej2.syncfusion.com/showcase/angular/appointmentplanner/#/dashboard"}
COMMAND: POST /session/42a5cb91-844e-40cc-898d-8ba5c947a0fe/cookie - {"cookie":{"name":"customCookies","value":"one"}}
RESULT: {"cookie":{"name":"customCookies","value":"one"}}
COMMAND: GET /session/42a5cb91-844e-40cc-898d-8ba5c947a0fe/cookie - {}
RESULT: {}
COMMAND: DELETE /session/42a5cb91-844e-40cc-898d-8ba5c947a0fe/cookie/customCookies - {}
RESULT: {}
COMMAND: GET /session/42a5cb91-844e-40cc-898d-8ba5c947a0fe/screenshot - {}
RESULT: {}
]]></system-out>
    </testcase>
    <testcase classname="firefox.110_0.windows.Test_suite" name="local storage" time="10.123">
      <system-out><![CDATA[
COMMAND: POST /session/42a5cb91-844e-40cc-898d-8ba5c947a0fe/url - {"url":"https://ej2.syncfusion.com/showcase/angular/appointmentplanner/#/dashboard"}
RESULT: {"url":"https://ej2.syncfusion.com/showcase/angular/appointmentplanner/#/dashboard"}
COMMAND: POST /session/42a5cb91-844e-40cc-898d-8ba5c947a0fe/execute/sync - {"script":"return (function (key, value) {\r\n      window.localStorage.setItem(key, value);\r\n      window.localStorage.setItem(key, value);\r\n      }).apply(null, arguments)","args":["localStorageKey","localStorageValue"]}
RESULT: {"script":"return (function (key, value) {\r\n      window.localStorage.setItem(key, value);\r\n      window.localStorage.setItem(key, value);\r\n      }).apply(null, arguments)","args":["localStorageKey","localStorageValue"]}
COMMAND: POST /session/42a5cb91-844e-40cc-898d-8ba5c947a0fe/execute/sync - {"script":"return (function (key) {\r\n      return window.localStorage.getItem(key);\r\n      }).apply(null, arguments)","args":["localStorageKey"]}
RESULT: {"script":"return (function (key) {\r\n      return window.localStorage.getItem(key);\r\n      }).apply(null, arguments)","args":["localStorageKey"]}
COMMAND: GET /session/42a5cb91-844e-40cc-898d-8ba5c947a0fe/screenshot - {}
RESULT: {}
]]></system-out>
    </testcase>
    <testcase classname="firefox.110_0.windows.Test_suite" name="session storage" time="10.117">
      <system-out><![CDATA[
COMMAND: POST /session/42a5cb91-844e-40cc-898d-8ba5c947a0fe/url - {"url":"https://ej2.syncfusion.com/showcase/angular/appointmentplanner/#/dashboard"}
RESULT: {"url":"https://ej2.syncfusion.com/showcase/angular/appointmentplanner/#/dashboard"}
COMMAND: POST /session/42a5cb91-844e-40cc-898d-8ba5c947a0fe/execute/sync - {"script":"return (function (key, value) {\r\n      window.sessionStorage.setItem(key, value);\r\n      window.sessionStorage.setItem(key, value);\r\n      }).apply(null, arguments)","args":["sessionStorageKey","sessionStorageValue"]}
RESULT: {"script":"return (function (key, value) {\r\n      window.sessionStorage.setItem(key, value);\r\n      window.sessionStorage.setItem(key, value);\r\n      }).apply(null, arguments)","args":["sessionStorageKey","sessionStorageValue"]}
COMMAND: POST /session/42a5cb91-844e-40cc-898d-8ba5c947a0fe/execute/sync - {"script":"return (function (key) {\r\n      return window.sessionStorage.getItem(key);\r\n      }).apply(null, arguments)","args":["sessionStorageKey"]}
RESULT: {"script":"return (function (key) {\r\n      return window.sessionStorage.getItem(key);\r\n      }).apply(null, arguments)","args":["sessionStorageKey"]}
COMMAND: GET /session/42a5cb91-844e-40cc-898d-8ba5c947a0fe/screenshot - {}
RESULT: {}
COMMAND: DELETE /session/42a5cb91-844e-40cc-898d-8ba5c947a0fe - {}
RESULT: {}
]]></system-out>
    </testcase>
  </testsuite>
</testsuites>