<?xml version="1.0" encoding="UTF-8"?>
<testsuites>
  <testsuite name="API Test Suite" timestamp="2023-03-03T18:15:01" time="3.505" tests="5" failures="5" errors="5" skipped="0">
    <properties>
      <property name="specId" value="0"/>
      <property name="suiteName" value="API Test Suite"/>
      <property name="capabilities" value="chrome.110_0_5481_178.windows"/>
      <property name="file" value="file:///C:/JSProject/js_automated_testing_intro/src/tests/specs/api.spec.js"/>
    </properties>
    <testcase classname="chrome.110_0_5481_178.windows.API_Test_Suite" name="POST resource" time="0.925">
      <failure/>
      <error message="Cannot read properties of undefined (reading 'equal')"/>
      <system-out><![CDATA[
COMMAND: GET /session/46279f428d26e6a32303f87efad60d45/screenshot - {}
RESULT: {}
]]></system-out>
      <system-err><![CDATA[
TypeError: Cannot read properties of undefined (reading 'equal')
    at Context.<anonymous> (C:\JSProject\js_automated_testing_intro\src\tests\specs\api.spec.js:9:35)
    at processTicksAndRejections (node:internal/process/task_queues:96:5)
]]></system-err>
    </testcase>
    <testcase classname="chrome.110_0_5481_178.windows.API_Test_Suite" name="GET a resource" time="0.798">
      <failure/>
      <error message="Cannot read properties of undefined (reading 'equal')"/>
      <system-out><![CDATA[
COMMAND: GET /session/46279f428d26e6a32303f87efad60d45/screenshot - {}
RESULT: {}
]]></system-out>
      <system-err><![CDATA[
TypeError: Cannot read properties of undefined (reading 'equal')
    at Context.<anonymous> (C:\JSProject\js_automated_testing_intro\src\tests\specs\api.spec.js:14:35)
    at processTicksAndRejections (node:internal/process/task_queues:96:5)
]]></system-err>
    </testcase>
    <testcase classname="chrome.110_0_5481_178.windows.API_Test_Suite" name="PUT resource" time="0.582">
      <failure/>
      <error message="Cannot read properties of undefined (reading 'equal')"/>
      <system-out><![CDATA[
COMMAND: GET /session/46279f428d26e6a32303f87efad60d45/screenshot - {}
RESULT: {}
]]></system-out>
      <system-err><![CDATA[
TypeError: Cannot read properties of undefined (reading 'equal')
    at Context.<anonymous> (C:\JSProject\js_automated_testing_intro\src\tests\specs\api.spec.js:21:35)
    at processTicksAndRejections (node:internal/process/task_queues:96:5)
]]></system-err>
    </testcase>
    <testcase classname="chrome.110_0_5481_178.windows.API_Test_Suite" name="DELETE resource" time="0.628">
      <failure/>
      <error message="Cannot read properties of undefined (reading 'equal')"/>
      <system-out><![CDATA[
COMMAND: GET /session/46279f428d26e6a32303f87efad60d45/screenshot - {}
RESULT: {}
]]></system-out>
      <system-err><![CDATA[
TypeError: Cannot read properties of undefined (reading 'equal')
    at Context.<anonymous> (C:\JSProject\js_automated_testing_intro\src\tests\specs\api.spec.js:27:35)
    at processTicksAndRejections (node:internal/process/task_queues:96:5)
]]></system-err>
    </testcase>
    <testcase classname="chrome.110_0_5481_178.windows.API_Test_Suite" name="GET a resource" time="0.568">
      <failure/>
      <error message="Cannot read properties of undefined (reading 'equal')"/>
      <system-out><![CDATA[
COMMAND: GET /session/46279f428d26e6a32303f87efad60d45/screenshot - {}
RESULT: {}
COMMAND: DELETE /session/46279f428d26e6a32303f87efad60d45 - {}
RESULT: {}
]]></system-out>
      <system-err><![CDATA[
TypeError: Cannot read properties of undefined (reading 'equal')
    at Context.<anonymous> (C:\JSProject\js_automated_testing_intro\src\tests\specs\api.spec.js:34:35)
    at processTicksAndRejections (node:internal/process/task_queues:96:5)
]]></system-err>
    </testcase>
  </testsuite>
</testsuites>